******************************************
2014-07-30 23:02:03
******************************************
检查:/Users/xy/.m2/repository/com/yjf/common/yjf-common-util/2.0.20140716/yjf-common-util-2.0.20140716.jar
检查:/Users/xy/.m2/repository/commons-lang/commons-lang/2.6/commons-lang-2.6.jar
检查:/Users/xy/.m2/repository/commons-codec/commons-codec/1.8/commons-codec-1.8.jar
检查:/Users/xy/.m2/repository/commons-io/commons-io/2.4/commons-io-2.4.jar
检查:/Users/xy/.m2/repository/com/google/guava/guava/17.0/guava-17.0.jar
检查:/Users/xy/.m2/repository/commons-configuration/commons-configuration/1.9/commons-configuration-1.9.jar
检查:/Users/xy/.m2/repository/commons-logging/commons-logging/1.1.1/commons-logging-1.1.1.jar
检查:/Users/xy/.m2/repository/org/hibernate/hibernate-validator/4.3.1.Final/hibernate-validator-4.3.1.Final.jar
检查:/Users/xy/.m2/repository/javax/validation/validation-api/1.0.0.GA/validation-api-1.0.0.GA.jar
检查:/Users/xy/.m2/repository/org/jboss/logging/jboss-logging/3.1.0.CR2/jboss-logging-3.1.0.CR2.jar
检查:/Users/xy/.m2/repository/org/slf4j/slf4j-api/1.7.7/slf4j-api-1.7.7.jar
检查:/Users/xy/.m2/repository/org/slf4j/jul-to-slf4j/1.7.7/jul-to-slf4j-1.7.7.jar
检查:/Users/xy/.m2/repository/ch/qos/logback/logback-core/1.1.2/logback-core-1.1.2.jar
检查:/Users/xy/.m2/repository/ch/qos/logback/logback-classic/1.1.2/logback-classic-1.1.2.jar
检查:/Users/xy/.m2/repository/ch/qos/logback/logback-access/1.1.2/logback-access-1.1.2.jar
检查:/Users/xy/.m2/repository/org/codehaus/janino/janino/2.6.1/janino-2.6.1.jar
检查:/Users/xy/.m2/repository/org/codehaus/janino/commons-compiler/2.6.1/commons-compiler-2.6.1.jar
检查:/Users/xy/.m2/repository/com/google/code/findbugs/jsr305/2.0.1/jsr305-2.0.1.jar
检查:/Users/xy/.m2/repository/cglib/cglib/3.0/cglib-3.0.jar
检查:/Users/xy/.m2/repository/org/ow2/asm/asm/4.0/asm-4.0.jar
检查:/Users/xy/.m2/repository/org/ow2/asm/asm-util/4.0/asm-util-4.0.jar
检查:/Users/xy/.m2/repository/org/ow2/asm/asm-tree/4.0/asm-tree-4.0.jar
检查:/Users/xy/.m2/repository/com/alibaba/fastjson/1.1.40/fastjson-1.1.40.jar
检查:/Users/xy/Products/own/quickf/quickf-biz/target/quickf-biz-1.0.jar
******************************************
2014-08-01 15:34:25
******************************************
检查:/Users/xy/.m2/repository/com/yjf/common/yjf-common-util/2.0.20140716/yjf-common-util-2.0.20140716.jar
检查:/Users/xy/.m2/repository/commons-lang/commons-lang/2.6/commons-lang-2.6.jar
检查:/Users/xy/.m2/repository/commons-codec/commons-codec/1.8/commons-codec-1.8.jar
检查:/Users/xy/.m2/repository/commons-io/commons-io/2.4/commons-io-2.4.jar
检查:/Users/xy/.m2/repository/com/google/guava/guava/17.0/guava-17.0.jar
检查:/Users/xy/.m2/repository/commons-configuration/commons-configuration/1.9/commons-configuration-1.9.jar
检查:/Users/xy/.m2/repository/commons-logging/commons-logging/1.1.1/commons-logging-1.1.1.jar
检查:/Users/xy/.m2/repository/org/hibernate/hibernate-validator/4.3.1.Final/hibernate-validator-4.3.1.Final.jar
检查:/Users/xy/.m2/repository/javax/validation/validation-api/1.0.0.GA/validation-api-1.0.0.GA.jar
检查:/Users/xy/.m2/repository/org/jboss/logging/jboss-logging/3.1.0.CR2/jboss-logging-3.1.0.CR2.jar
检查:/Users/xy/.m2/repository/org/slf4j/slf4j-api/1.7.7/slf4j-api-1.7.7.jar
检查:/Users/xy/.m2/repository/org/slf4j/jul-to-slf4j/1.7.7/jul-to-slf4j-1.7.7.jar
检查:/Users/xy/.m2/repository/ch/qos/logback/logback-core/1.1.2/logback-core-1.1.2.jar
检查:/Users/xy/.m2/repository/ch/qos/logback/logback-classic/1.1.2/logback-classic-1.1.2.jar
检查:/Users/xy/.m2/repository/ch/qos/logback/logback-access/1.1.2/logback-access-1.1.2.jar
检查:/Users/xy/.m2/repository/org/codehaus/janino/janino/2.6.1/janino-2.6.1.jar
检查:/Users/xy/.m2/repository/org/codehaus/janino/commons-compiler/2.6.1/commons-compiler-2.6.1.jar
检查:/Users/xy/.m2/repository/com/google/code/findbugs/jsr305/2.0.1/jsr305-2.0.1.jar
检查:/Users/xy/.m2/repository/cglib/cglib/3.0/cglib-3.0.jar
检查:/Users/xy/.m2/repository/org/ow2/asm/asm/4.0/asm-4.0.jar
检查:/Users/xy/.m2/repository/org/ow2/asm/asm-util/4.0/asm-util-4.0.jar
检查:/Users/xy/.m2/repository/org/ow2/asm/asm-tree/4.0/asm-tree-4.0.jar
检查:/Users/xy/.m2/repository/com/alibaba/fastjson/1.1.40/fastjson-1.1.40.jar
检查:/Users/xy/.m2/repository/javax/servlet/javax.servlet-api/3.0.1/javax.servlet-api-3.0.1.jar
检查:/Users/xy/.m2/repository/javax/servlet/jsp/javax.servlet.jsp-api/2.3.1/javax.servlet.jsp-api-2.3.1.jar
检查:/Users/xy/.m2/repository/org/springframework/spring-context/3.2.6.RELEASE/spring-context-3.2.6.RELEASE.jar
检查:/Users/xy/.m2/repository/org/springframework/spring-aop/3.2.6.RELEASE/spring-aop-3.2.6.RELEASE.jar
检查:/Users/xy/.m2/repository/aopalliance/aopalliance/1.0/aopalliance-1.0.jar
检查:/Users/xy/.m2/repository/org/springframework/spring-beans/3.2.6.RELEASE/spring-beans-3.2.6.RELEASE.jar
检查:/Users/xy/.m2/repository/org/springframework/spring-core/3.2.6.RELEASE/spring-core-3.2.6.RELEASE.jar
检查:/Users/xy/.m2/repository/commons-logging/commons-logging/1.0.4/commons-logging-1.0.4.jar
发现冲突:
[compile]/Users/xy/.m2/repository/commons-logging/commons-logging/1.0.4/commons-logging-1.0.4.jar
[compile]/Users/xy/.m2/repository/commons-logging/commons-logging/1.1.1/commons-logging-1.1.1.jar
冲突类:org/apache/commons/logging/impl/Log4JLogger.class
检查:/Users/xy/.m2/repository/org/springframework/spring-expression/3.2.6.RELEASE/spring-expression-3.2.6.RELEASE.jar
检查:/Users/xy/.m2/repository/org/springframework/spring-context-support/3.2.6.RELEASE/spring-context-support-3.2.6.RELEASE.jar
检查:/Users/xy/.m2/repository/org/springmodules/spring-modules-validation/0.8/spring-modules-validation-0.8.jar
检查:/Users/xy/.m2/repository/commons-lang/commons-lang/2.2/commons-lang-2.2.jar
发现冲突:
[compile]/Users/xy/.m2/repository/commons-lang/commons-lang/2.2/commons-lang-2.2.jar
[compile]/Users/xy/.m2/repository/commons-lang/commons-lang/2.6/commons-lang-2.6.jar
冲突类:org/apache/commons/lang/ArrayUtils.class
检查:/Users/xy/.m2/repository/commons-collections/commons-collections/3.1/commons-collections-3.1.jar
检查:/Users/xy/.m2/repository/commons-validator/commons-validator/1.3.0/commons-validator-1.3.0.jar
检查:/Users/xy/.m2/repository/commons-beanutils/commons-beanutils/1.7.0/commons-beanutils-1.7.0.jar
发现冲突:
[compile]/Users/xy/.m2/repository/commons-beanutils/commons-beanutils/1.7.0/commons-beanutils-1.7.0.jar
[compile]/Users/xy/.m2/repository/commons-collections/commons-collections/3.1/commons-collections-3.1.jar
冲突类:org/apache/commons/collections/FastHashMap.class
检查:/Users/xy/.m2/repository/commons-digester/commons-digester/1.7/commons-digester-1.7.jar
检查:/Users/xy/.m2/repository/xml-apis/xml-apis/1.0.b2/xml-apis-1.0.b2.jar
检查:/Users/xy/.m2/repository/oro/oro/2.0.8/oro-2.0.8.jar
检查:/Users/xy/.m2/repository/antlr/antlr/2.7.6/antlr-2.7.6.jar
检查:/Users/xy/.m2/repository/rhino/js/1.6R2/js-1.6R2.jar
检查:/Users/xy/.m2/repository/org/springframework/spring-tx/3.2.6.RELEASE/spring-tx-3.2.6.RELEASE.jar
检查:/Users/xy/.m2/repository/org/springframework/spring-orm/3.2.6.RELEASE/spring-orm-3.2.6.RELEASE.jar
检查:/Users/xy/.m2/repository/org/springframework/spring-jdbc/3.2.6.RELEASE/spring-jdbc-3.2.6.RELEASE.jar
检查:/Users/xy/.m2/repository/org/springframework/spring-webmvc/3.2.6.RELEASE/spring-webmvc-3.2.6.RELEASE.jar
检查:/Users/xy/.m2/repository/org/springframework/spring-web/3.2.6.RELEASE/spring-web-3.2.6.RELEASE.jar
检查:/Users/xy/Products/own/quickf/quickf-web/target/quickf-web-1.0.jar
检查:/Users/xy/.m2/repository/jstl/jstl/1.2/jstl-1.2.jar
检查:/Users/xy/.m2/repository/taglibs/standard/1.1.2/standard-1.1.2.jar
发现冲突:
[compile]/Users/xy/.m2/repository/taglibs/standard/1.1.2/standard-1.1.2.jar
[compile]/Users/xy/.m2/repository/jstl/jstl/1.2/jstl-1.2.jar
冲突类:org/apache/taglibs/standard/Version.class
检查:/Users/xy/.m2/repository/org/eclipse/jetty/jetty-start/7.1.6.v20100715/jetty-start-7.1.6.v20100715.jar
******************************************
2014-08-01 15:37:49
******************************************
检查:/Users/xy/.m2/repository/com/yjf/common/yjf-common-util/2.0.20140716/yjf-common-util-2.0.20140716.jar
检查:/Users/xy/.m2/repository/commons-lang/commons-lang/2.6/commons-lang-2.6.jar
检查:/Users/xy/.m2/repository/commons-codec/commons-codec/1.8/commons-codec-1.8.jar
检查:/Users/xy/.m2/repository/commons-io/commons-io/2.4/commons-io-2.4.jar
检查:/Users/xy/.m2/repository/com/google/guava/guava/17.0/guava-17.0.jar
检查:/Users/xy/.m2/repository/commons-configuration/commons-configuration/1.9/commons-configuration-1.9.jar
检查:/Users/xy/.m2/repository/commons-logging/commons-logging/1.1.1/commons-logging-1.1.1.jar
检查:/Users/xy/.m2/repository/org/hibernate/hibernate-validator/4.3.1.Final/hibernate-validator-4.3.1.Final.jar
检查:/Users/xy/.m2/repository/javax/validation/validation-api/1.0.0.GA/validation-api-1.0.0.GA.jar
检查:/Users/xy/.m2/repository/org/jboss/logging/jboss-logging/3.1.0.CR2/jboss-logging-3.1.0.CR2.jar
检查:/Users/xy/.m2/repository/org/slf4j/slf4j-api/1.7.7/slf4j-api-1.7.7.jar
检查:/Users/xy/.m2/repository/org/slf4j/jul-to-slf4j/1.7.7/jul-to-slf4j-1.7.7.jar
检查:/Users/xy/.m2/repository/ch/qos/logback/logback-core/1.1.2/logback-core-1.1.2.jar
检查:/Users/xy/.m2/repository/ch/qos/logback/logback-classic/1.1.2/logback-classic-1.1.2.jar
检查:/Users/xy/.m2/repository/ch/qos/logback/logback-access/1.1.2/logback-access-1.1.2.jar
检查:/Users/xy/.m2/repository/org/codehaus/janino/janino/2.6.1/janino-2.6.1.jar
检查:/Users/xy/.m2/repository/org/codehaus/janino/commons-compiler/2.6.1/commons-compiler-2.6.1.jar
检查:/Users/xy/.m2/repository/com/google/code/findbugs/jsr305/2.0.1/jsr305-2.0.1.jar
检查:/Users/xy/.m2/repository/cglib/cglib/3.0/cglib-3.0.jar
检查:/Users/xy/.m2/repository/org/ow2/asm/asm/4.0/asm-4.0.jar
检查:/Users/xy/.m2/repository/org/ow2/asm/asm-util/4.0/asm-util-4.0.jar
检查:/Users/xy/.m2/repository/org/ow2/asm/asm-tree/4.0/asm-tree-4.0.jar
检查:/Users/xy/.m2/repository/com/alibaba/fastjson/1.1.40/fastjson-1.1.40.jar
检查:/Users/xy/.m2/repository/javax/servlet/javax.servlet-api/3.0.1/javax.servlet-api-3.0.1.jar
检查:/Users/xy/.m2/repository/javax/servlet/jsp/javax.servlet.jsp-api/2.3.1/javax.servlet.jsp-api-2.3.1.jar
检查:/Users/xy/.m2/repository/org/springframework/spring-context/3.2.6.RELEASE/spring-context-3.2.6.RELEASE.jar
检查:/Users/xy/.m2/repository/org/springframework/spring-aop/3.2.6.RELEASE/spring-aop-3.2.6.RELEASE.jar
检查:/Users/xy/.m2/repository/aopalliance/aopalliance/1.0/aopalliance-1.0.jar
检查:/Users/xy/.m2/repository/org/springframework/spring-beans/3.2.6.RELEASE/spring-beans-3.2.6.RELEASE.jar
检查:/Users/xy/.m2/repository/org/springframework/spring-core/3.2.6.RELEASE/spring-core-3.2.6.RELEASE.jar
检查:/Users/xy/.m2/repository/commons-logging/commons-logging/1.0.4/commons-logging-1.0.4.jar
发现冲突:
[compile]/Users/xy/.m2/repository/commons-logging/commons-logging/1.0.4/commons-logging-1.0.4.jar
[compile]/Users/xy/.m2/repository/commons-logging/commons-logging/1.1.1/commons-logging-1.1.1.jar
冲突类:org/apache/commons/logging/impl/Log4JLogger.class
检查:/Users/xy/.m2/repository/org/springframework/spring-expression/3.2.6.RELEASE/spring-expression-3.2.6.RELEASE.jar
检查:/Users/xy/.m2/repository/org/springframework/spring-context-support/3.2.6.RELEASE/spring-context-support-3.2.6.RELEASE.jar
检查:/Users/xy/.m2/repository/org/springmodules/spring-modules-validation/0.8/spring-modules-validation-0.8.jar
检查:/Users/xy/.m2/repository/commons-lang/commons-lang/2.2/commons-lang-2.2.jar
发现冲突:
[compile]/Users/xy/.m2/repository/commons-lang/commons-lang/2.2/commons-lang-2.2.jar
[compile]/Users/xy/.m2/repository/commons-lang/commons-lang/2.6/commons-lang-2.6.jar
冲突类:org/apache/commons/lang/ArrayUtils.class
检查:/Users/xy/.m2/repository/commons-collections/commons-collections/3.1/commons-collections-3.1.jar
检查:/Users/xy/.m2/repository/commons-validator/commons-validator/1.3.0/commons-validator-1.3.0.jar
检查:/Users/xy/.m2/repository/commons-beanutils/commons-beanutils/1.7.0/commons-beanutils-1.7.0.jar
发现冲突:
[compile]/Users/xy/.m2/repository/commons-beanutils/commons-beanutils/1.7.0/commons-beanutils-1.7.0.jar
[compile]/Users/xy/.m2/repository/commons-collections/commons-collections/3.1/commons-collections-3.1.jar
冲突类:org/apache/commons/collections/FastHashMap.class
检查:/Users/xy/.m2/repository/commons-digester/commons-digester/1.7/commons-digester-1.7.jar
检查:/Users/xy/.m2/repository/xml-apis/xml-apis/1.0.b2/xml-apis-1.0.b2.jar
检查:/Users/xy/.m2/repository/oro/oro/2.0.8/oro-2.0.8.jar
检查:/Users/xy/.m2/repository/antlr/antlr/2.7.6/antlr-2.7.6.jar
检查:/Users/xy/.m2/repository/rhino/js/1.6R2/js-1.6R2.jar
检查:/Users/xy/.m2/repository/org/springframework/spring-tx/3.2.6.RELEASE/spring-tx-3.2.6.RELEASE.jar
检查:/Users/xy/.m2/repository/org/springframework/spring-orm/3.2.6.RELEASE/spring-orm-3.2.6.RELEASE.jar
检查:/Users/xy/.m2/repository/org/springframework/spring-jdbc/3.2.6.RELEASE/spring-jdbc-3.2.6.RELEASE.jar
检查:/Users/xy/.m2/repository/org/springframework/spring-webmvc/3.2.6.RELEASE/spring-webmvc-3.2.6.RELEASE.jar
检查:/Users/xy/.m2/repository/org/springframework/spring-web/3.2.6.RELEASE/spring-web-3.2.6.RELEASE.jar
检查:/Users/xy/Products/own/quickf/quickf-web/target/quickf-web-1.0.jar
检查:/Users/xy/.m2/repository/jstl/jstl/1.2/jstl-1.2.jar
检查:/Users/xy/.m2/repository/taglibs/standard/1.1.2/standard-1.1.2.jar
发现冲突:
[compile]/Users/xy/.m2/repository/taglibs/standard/1.1.2/standard-1.1.2.jar
[compile]/Users/xy/.m2/repository/jstl/jstl/1.2/jstl-1.2.jar
冲突类:org/apache/taglibs/standard/Version.class
检查:/Users/xy/.m2/repository/org/eclipse/jetty/jetty-start/7.1.6.v20100715/jetty-start-7.1.6.v20100715.jar
******************************************
2014-08-01 15:56:06
******************************************
检查:/Users/xy/.m2/repository/com/yjf/common/yjf-common-util/2.0.20140716/yjf-common-util-2.0.20140716.jar
检查:/Users/xy/.m2/repository/commons-lang/commons-lang/2.6/commons-lang-2.6.jar
检查:/Users/xy/.m2/repository/commons-codec/commons-codec/1.8/commons-codec-1.8.jar
检查:/Users/xy/.m2/repository/commons-io/commons-io/2.4/commons-io-2.4.jar
检查:/Users/xy/.m2/repository/com/google/guava/guava/17.0/guava-17.0.jar
检查:/Users/xy/.m2/repository/commons-configuration/commons-configuration/1.9/commons-configuration-1.9.jar
检查:/Users/xy/.m2/repository/commons-logging/commons-logging/1.1.1/commons-logging-1.1.1.jar
检查:/Users/xy/.m2/repository/org/hibernate/hibernate-validator/4.3.1.Final/hibernate-validator-4.3.1.Final.jar
检查:/Users/xy/.m2/repository/javax/validation/validation-api/1.0.0.GA/validation-api-1.0.0.GA.jar
检查:/Users/xy/.m2/repository/org/jboss/logging/jboss-logging/3.1.0.CR2/jboss-logging-3.1.0.CR2.jar
检查:/Users/xy/.m2/repository/org/slf4j/slf4j-api/1.7.7/slf4j-api-1.7.7.jar
检查:/Users/xy/.m2/repository/org/slf4j/jul-to-slf4j/1.7.7/jul-to-slf4j-1.7.7.jar
检查:/Users/xy/.m2/repository/ch/qos/logback/logback-core/1.1.2/logback-core-1.1.2.jar
检查:/Users/xy/.m2/repository/ch/qos/logback/logback-classic/1.1.2/logback-classic-1.1.2.jar
检查:/Users/xy/.m2/repository/ch/qos/logback/logback-access/1.1.2/logback-access-1.1.2.jar
检查:/Users/xy/.m2/repository/org/codehaus/janino/janino/2.6.1/janino-2.6.1.jar
检查:/Users/xy/.m2/repository/org/codehaus/janino/commons-compiler/2.6.1/commons-compiler-2.6.1.jar
检查:/Users/xy/.m2/repository/com/google/code/findbugs/jsr305/2.0.1/jsr305-2.0.1.jar
检查:/Users/xy/.m2/repository/cglib/cglib/3.0/cglib-3.0.jar
检查:/Users/xy/.m2/repository/org/ow2/asm/asm/4.0/asm-4.0.jar
检查:/Users/xy/.m2/repository/org/ow2/asm/asm-util/4.0/asm-util-4.0.jar
检查:/Users/xy/.m2/repository/org/ow2/asm/asm-tree/4.0/asm-tree-4.0.jar
检查:/Users/xy/.m2/repository/com/alibaba/fastjson/1.1.40/fastjson-1.1.40.jar
检查:/Users/xy/.m2/repository/javax/servlet/javax.servlet-api/3.0.1/javax.servlet-api-3.0.1.jar
检查:/Users/xy/.m2/repository/javax/servlet/jsp/javax.servlet.jsp-api/2.3.1/javax.servlet.jsp-api-2.3.1.jar
检查:/Users/xy/.m2/repository/org/springframework/spring-context/3.2.6.RELEASE/spring-context-3.2.6.RELEASE.jar
检查:/Users/xy/.m2/repository/org/springframework/spring-aop/3.2.6.RELEASE/spring-aop-3.2.6.RELEASE.jar
检查:/Users/xy/.m2/repository/aopalliance/aopalliance/1.0/aopalliance-1.0.jar
检查:/Users/xy/.m2/repository/org/springframework/spring-beans/3.2.6.RELEASE/spring-beans-3.2.6.RELEASE.jar
检查:/Users/xy/.m2/repository/org/springframework/spring-core/3.2.6.RELEASE/spring-core-3.2.6.RELEASE.jar
检查:/Users/xy/.m2/repository/commons-logging/commons-logging/1.0.4/commons-logging-1.0.4.jar
发现冲突:
[compile]/Users/xy/.m2/repository/commons-logging/commons-logging/1.0.4/commons-logging-1.0.4.jar
[compile]/Users/xy/.m2/repository/commons-logging/commons-logging/1.1.1/commons-logging-1.1.1.jar
冲突类:org/apache/commons/logging/impl/Log4JLogger.class
检查:/Users/xy/.m2/repository/org/springframework/spring-expression/3.2.6.RELEASE/spring-expression-3.2.6.RELEASE.jar
检查:/Users/xy/.m2/repository/org/springframework/spring-context-support/3.2.6.RELEASE/spring-context-support-3.2.6.RELEASE.jar
检查:/Users/xy/.m2/repository/org/springmodules/spring-modules-validation/0.8/spring-modules-validation-0.8.jar
检查:/Users/xy/.m2/repository/commons-lang/commons-lang/2.2/commons-lang-2.2.jar
发现冲突:
[compile]/Users/xy/.m2/repository/commons-lang/commons-lang/2.2/commons-lang-2.2.jar
[compile]/Users/xy/.m2/repository/commons-lang/commons-lang/2.6/commons-lang-2.6.jar
冲突类:org/apache/commons/lang/ArrayUtils.class
检查:/Users/xy/.m2/repository/commons-collections/commons-collections/3.1/commons-collections-3.1.jar
检查:/Users/xy/.m2/repository/commons-validator/commons-validator/1.3.0/commons-validator-1.3.0.jar
检查:/Users/xy/.m2/repository/commons-beanutils/commons-beanutils/1.7.0/commons-beanutils-1.7.0.jar
发现冲突:
[compile]/Users/xy/.m2/repository/commons-beanutils/commons-beanutils/1.7.0/commons-beanutils-1.7.0.jar
[compile]/Users/xy/.m2/repository/commons-collections/commons-collections/3.1/commons-collections-3.1.jar
冲突类:org/apache/commons/collections/FastHashMap.class
检查:/Users/xy/.m2/repository/commons-digester/commons-digester/1.7/commons-digester-1.7.jar
检查:/Users/xy/.m2/repository/xml-apis/xml-apis/1.0.b2/xml-apis-1.0.b2.jar
检查:/Users/xy/.m2/repository/oro/oro/2.0.8/oro-2.0.8.jar
检查:/Users/xy/.m2/repository/antlr/antlr/2.7.6/antlr-2.7.6.jar
检查:/Users/xy/.m2/repository/rhino/js/1.6R2/js-1.6R2.jar
检查:/Users/xy/.m2/repository/org/springframework/spring-tx/3.2.6.RELEASE/spring-tx-3.2.6.RELEASE.jar
检查:/Users/xy/.m2/repository/org/springframework/spring-orm/3.2.6.RELEASE/spring-orm-3.2.6.RELEASE.jar
检查:/Users/xy/.m2/repository/org/springframework/spring-jdbc/3.2.6.RELEASE/spring-jdbc-3.2.6.RELEASE.jar
检查:/Users/xy/.m2/repository/org/springframework/spring-webmvc/3.2.6.RELEASE/spring-webmvc-3.2.6.RELEASE.jar
检查:/Users/xy/.m2/repository/org/springframework/spring-web/3.2.6.RELEASE/spring-web-3.2.6.RELEASE.jar
检查:/Users/xy/Products/own/quickf/quickf-web/target/quickf-web-1.0.jar
检查:/Users/xy/.m2/repository/jstl/jstl/1.2/jstl-1.2.jar
检查:/Users/xy/.m2/repository/taglibs/standard/1.1.2/standard-1.1.2.jar
发现冲突:
[compile]/Users/xy/.m2/repository/taglibs/standard/1.1.2/standard-1.1.2.jar
[compile]/Users/xy/.m2/repository/jstl/jstl/1.2/jstl-1.2.jar
冲突类:org/apache/taglibs/standard/Version.class
检查:/Users/xy/.m2/repository/org/eclipse/jetty/jetty-start/7.1.6.v20100715/jetty-start-7.1.6.v20100715.jar
******************************************
2014-08-01 16:21:05
******************************************
检查:/Users/xy/.m2/repository/com/yjf/common/yjf-common-util/2.0.20140716/yjf-common-util-2.0.20140716.jar
检查:/Users/xy/.m2/repository/commons-lang/commons-lang/2.6/commons-lang-2.6.jar
检查:/Users/xy/.m2/repository/commons-codec/commons-codec/1.8/commons-codec-1.8.jar
检查:/Users/xy/.m2/repository/commons-io/commons-io/2.4/commons-io-2.4.jar
检查:/Users/xy/.m2/repository/com/google/guava/guava/17.0/guava-17.0.jar
检查:/Users/xy/.m2/repository/commons-configuration/commons-configuration/1.9/commons-configuration-1.9.jar
检查:/Users/xy/.m2/repository/commons-logging/commons-logging/1.1.1/commons-logging-1.1.1.jar
检查:/Users/xy/.m2/repository/org/hibernate/hibernate-validator/4.3.1.Final/hibernate-validator-4.3.1.Final.jar
检查:/Users/xy/.m2/repository/javax/validation/validation-api/1.0.0.GA/validation-api-1.0.0.GA.jar
检查:/Users/xy/.m2/repository/org/jboss/logging/jboss-logging/3.1.0.CR2/jboss-logging-3.1.0.CR2.jar
检查:/Users/xy/.m2/repository/org/slf4j/slf4j-api/1.7.7/slf4j-api-1.7.7.jar
检查:/Users/xy/.m2/repository/org/slf4j/jul-to-slf4j/1.7.7/jul-to-slf4j-1.7.7.jar
检查:/Users/xy/.m2/repository/ch/qos/logback/logback-core/1.1.2/logback-core-1.1.2.jar
检查:/Users/xy/.m2/repository/ch/qos/logback/logback-classic/1.1.2/logback-classic-1.1.2.jar
检查:/Users/xy/.m2/repository/ch/qos/logback/logback-access/1.1.2/logback-access-1.1.2.jar
检查:/Users/xy/.m2/repository/org/codehaus/janino/janino/2.6.1/janino-2.6.1.jar
检查:/Users/xy/.m2/repository/org/codehaus/janino/commons-compiler/2.6.1/commons-compiler-2.6.1.jar
检查:/Users/xy/.m2/repository/com/google/code/findbugs/jsr305/2.0.1/jsr305-2.0.1.jar
检查:/Users/xy/.m2/repository/cglib/cglib/3.0/cglib-3.0.jar
检查:/Users/xy/.m2/repository/org/ow2/asm/asm/4.0/asm-4.0.jar
检查:/Users/xy/.m2/repository/org/ow2/asm/asm-util/4.0/asm-util-4.0.jar
检查:/Users/xy/.m2/repository/org/ow2/asm/asm-tree/4.0/asm-tree-4.0.jar
检查:/Users/xy/.m2/repository/com/alibaba/fastjson/1.1.40/fastjson-1.1.40.jar
检查:/Users/xy/.m2/repository/javax/servlet/javax.servlet-api/3.0.1/javax.servlet-api-3.0.1.jar
检查:/Users/xy/.m2/repository/javax/servlet/jsp/javax.servlet.jsp-api/2.3.1/javax.servlet.jsp-api-2.3.1.jar
检查:/Users/xy/.m2/repository/org/springframework/spring-context/3.2.6.RELEASE/spring-context-3.2.6.RELEASE.jar
检查:/Users/xy/.m2/repository/org/springframework/spring-aop/3.2.6.RELEASE/spring-aop-3.2.6.RELEASE.jar
检查:/Users/xy/.m2/repository/aopalliance/aopalliance/1.0/aopalliance-1.0.jar
检查:/Users/xy/.m2/repository/org/springframework/spring-beans/3.2.6.RELEASE/spring-beans-3.2.6.RELEASE.jar
检查:/Users/xy/.m2/repository/org/springframework/spring-core/3.2.6.RELEASE/spring-core-3.2.6.RELEASE.jar
检查:/Users/xy/.m2/repository/commons-logging/commons-logging/1.0.4/commons-logging-1.0.4.jar
发现冲突:
[compile]/Users/xy/.m2/repository/commons-logging/commons-logging/1.0.4/commons-logging-1.0.4.jar
[compile]/Users/xy/.m2/repository/commons-logging/commons-logging/1.1.1/commons-logging-1.1.1.jar
冲突类:org/apache/commons/logging/impl/Log4JLogger.class
检查:/Users/xy/.m2/repository/org/springframework/spring-expression/3.2.6.RELEASE/spring-expression-3.2.6.RELEASE.jar
检查:/Users/xy/.m2/repository/org/springframework/spring-context-support/3.2.6.RELEASE/spring-context-support-3.2.6.RELEASE.jar
检查:/Users/xy/.m2/repository/org/springmodules/spring-modules-validation/0.8/spring-modules-validation-0.8.jar
检查:/Users/xy/.m2/repository/commons-lang/commons-lang/2.2/commons-lang-2.2.jar
发现冲突:
[compile]/Users/xy/.m2/repository/commons-lang/commons-lang/2.2/commons-lang-2.2.jar
[compile]/Users/xy/.m2/repository/commons-lang/commons-lang/2.6/commons-lang-2.6.jar
冲突类:org/apache/commons/lang/ArrayUtils.class
检查:/Users/xy/.m2/repository/commons-collections/commons-collections/3.1/commons-collections-3.1.jar
检查:/Users/xy/.m2/repository/commons-validator/commons-validator/1.3.0/commons-validator-1.3.0.jar
检查:/Users/xy/.m2/repository/commons-beanutils/commons-beanutils/1.7.0/commons-beanutils-1.7.0.jar
发现冲突:
[compile]/Users/xy/.m2/repository/commons-beanutils/commons-beanutils/1.7.0/commons-beanutils-1.7.0.jar
[compile]/Users/xy/.m2/repository/commons-collections/commons-collections/3.1/commons-collections-3.1.jar
冲突类:org/apache/commons/collections/FastHashMap.class
检查:/Users/xy/.m2/repository/commons-digester/commons-digester/1.7/commons-digester-1.7.jar
检查:/Users/xy/.m2/repository/xml-apis/xml-apis/1.0.b2/xml-apis-1.0.b2.jar
检查:/Users/xy/.m2/repository/oro/oro/2.0.8/oro-2.0.8.jar
检查:/Users/xy/.m2/repository/antlr/antlr/2.7.6/antlr-2.7.6.jar
检查:/Users/xy/.m2/repository/rhino/js/1.6R2/js-1.6R2.jar
检查:/Users/xy/.m2/repository/org/springframework/spring-tx/3.2.6.RELEASE/spring-tx-3.2.6.RELEASE.jar
检查:/Users/xy/.m2/repository/org/springframework/spring-orm/3.2.6.RELEASE/spring-orm-3.2.6.RELEASE.jar
检查:/Users/xy/.m2/repository/org/springframework/spring-jdbc/3.2.6.RELEASE/spring-jdbc-3.2.6.RELEASE.jar
检查:/Users/xy/.m2/repository/org/springframework/spring-webmvc/3.2.6.RELEASE/spring-webmvc-3.2.6.RELEASE.jar
检查:/Users/xy/.m2/repository/org/springframework/spring-web/3.2.6.RELEASE/spring-web-3.2.6.RELEASE.jar
检查:/Users/xy/.m2/repository/org/aspectj/aspectjweaver/1.7.4/aspectjweaver-1.7.4.jar
检查:/Users/xy/Products/own/quickf/quickf-web/target/quickf-web-1.0.jar
检查:/Users/xy/.m2/repository/jstl/jstl/1.2/jstl-1.2.jar
检查:/Users/xy/.m2/repository/taglibs/standard/1.1.2/standard-1.1.2.jar
发现冲突:
[compile]/Users/xy/.m2/repository/taglibs/standard/1.1.2/standard-1.1.2.jar
[compile]/Users/xy/.m2/repository/jstl/jstl/1.2/jstl-1.2.jar
冲突类:org/apache/taglibs/standard/Version.class
检查:/Users/xy/.m2/repository/org/eclipse/jetty/jetty-start/7.1.6.v20100715/jetty-start-7.1.6.v20100715.jar
******************************************
2014-08-01 16:24:23
******************************************
检查:/Users/xy/.m2/repository/com/yjf/common/yjf-common-util/2.0.20140716/yjf-common-util-2.0.20140716.jar
检查:/Users/xy/.m2/repository/commons-lang/commons-lang/2.6/commons-lang-2.6.jar
检查:/Users/xy/.m2/repository/commons-codec/commons-codec/1.8/commons-codec-1.8.jar
检查:/Users/xy/.m2/repository/commons-io/commons-io/2.4/commons-io-2.4.jar
检查:/Users/xy/.m2/repository/com/google/guava/guava/17.0/guava-17.0.jar
检查:/Users/xy/.m2/repository/commons-configuration/commons-configuration/1.9/commons-configuration-1.9.jar
检查:/Users/xy/.m2/repository/commons-logging/commons-logging/1.1.1/commons-logging-1.1.1.jar
检查:/Users/xy/.m2/repository/org/hibernate/hibernate-validator/4.3.1.Final/hibernate-validator-4.3.1.Final.jar
检查:/Users/xy/.m2/repository/javax/validation/validation-api/1.0.0.GA/validation-api-1.0.0.GA.jar
检查:/Users/xy/.m2/repository/org/jboss/logging/jboss-logging/3.1.0.CR2/jboss-logging-3.1.0.CR2.jar
检查:/Users/xy/.m2/repository/org/slf4j/slf4j-api/1.7.7/slf4j-api-1.7.7.jar
检查:/Users/xy/.m2/repository/org/slf4j/jul-to-slf4j/1.7.7/jul-to-slf4j-1.7.7.jar
检查:/Users/xy/.m2/repository/ch/qos/logback/logback-core/1.1.2/logback-core-1.1.2.jar
检查:/Users/xy/.m2/repository/ch/qos/logback/logback-classic/1.1.2/logback-classic-1.1.2.jar
检查:/Users/xy/.m2/repository/ch/qos/logback/logback-access/1.1.2/logback-access-1.1.2.jar
检查:/Users/xy/.m2/repository/org/codehaus/janino/janino/2.6.1/janino-2.6.1.jar
检查:/Users/xy/.m2/repository/org/codehaus/janino/commons-compiler/2.6.1/commons-compiler-2.6.1.jar
检查:/Users/xy/.m2/repository/com/google/code/findbugs/jsr305/2.0.1/jsr305-2.0.1.jar
检查:/Users/xy/.m2/repository/cglib/cglib/3.0/cglib-3.0.jar
检查:/Users/xy/.m2/repository/org/ow2/asm/asm/4.0/asm-4.0.jar
检查:/Users/xy/.m2/repository/org/ow2/asm/asm-util/4.0/asm-util-4.0.jar
检查:/Users/xy/.m2/repository/org/ow2/asm/asm-tree/4.0/asm-tree-4.0.jar
检查:/Users/xy/.m2/repository/com/alibaba/fastjson/1.1.40/fastjson-1.1.40.jar
检查:/Users/xy/.m2/repository/javax/servlet/javax.servlet-api/3.0.1/javax.servlet-api-3.0.1.jar
检查:/Users/xy/.m2/repository/javax/servlet/jsp/javax.servlet.jsp-api/2.3.1/javax.servlet.jsp-api-2.3.1.jar
检查:/Users/xy/.m2/repository/org/springframework/spring-context/3.2.6.RELEASE/spring-context-3.2.6.RELEASE.jar
检查:/Users/xy/.m2/repository/org/springframework/spring-aop/3.2.6.RELEASE/spring-aop-3.2.6.RELEASE.jar
检查:/Users/xy/.m2/repository/aopalliance/aopalliance/1.0/aopalliance-1.0.jar
检查:/Users/xy/.m2/repository/org/springframework/spring-beans/3.2.6.RELEASE/spring-beans-3.2.6.RELEASE.jar
检查:/Users/xy/.m2/repository/org/springframework/spring-core/3.2.6.RELEASE/spring-core-3.2.6.RELEASE.jar
检查:/Users/xy/.m2/repository/commons-logging/commons-logging/1.0.4/commons-logging-1.0.4.jar
发现冲突:
[compile]/Users/xy/.m2/repository/commons-logging/commons-logging/1.0.4/commons-logging-1.0.4.jar
[compile]/Users/xy/.m2/repository/commons-logging/commons-logging/1.1.1/commons-logging-1.1.1.jar
冲突类:org/apache/commons/logging/impl/Log4JLogger.class
检查:/Users/xy/.m2/repository/org/springframework/spring-expression/3.2.6.RELEASE/spring-expression-3.2.6.RELEASE.jar
检查:/Users/xy/.m2/repository/org/springframework/spring-context-support/3.2.6.RELEASE/spring-context-support-3.2.6.RELEASE.jar
检查:/Users/xy/.m2/repository/org/springmodules/spring-modules-validation/0.8/spring-modules-validation-0.8.jar
检查:/Users/xy/.m2/repository/commons-lang/commons-lang/2.2/commons-lang-2.2.jar
发现冲突:
[compile]/Users/xy/.m2/repository/commons-lang/commons-lang/2.2/commons-lang-2.2.jar
[compile]/Users/xy/.m2/repository/commons-lang/commons-lang/2.6/commons-lang-2.6.jar
冲突类:org/apache/commons/lang/ArrayUtils.class
检查:/Users/xy/.m2/repository/commons-collections/commons-collections/3.1/commons-collections-3.1.jar
检查:/Users/xy/.m2/repository/commons-validator/commons-validator/1.3.0/commons-validator-1.3.0.jar
检查:/Users/xy/.m2/repository/commons-beanutils/commons-beanutils/1.7.0/commons-beanutils-1.7.0.jar
发现冲突:
[compile]/Users/xy/.m2/repository/commons-beanutils/commons-beanutils/1.7.0/commons-beanutils-1.7.0.jar
[compile]/Users/xy/.m2/repository/commons-collections/commons-collections/3.1/commons-collections-3.1.jar
冲突类:org/apache/commons/collections/FastHashMap.class
检查:/Users/xy/.m2/repository/commons-digester/commons-digester/1.7/commons-digester-1.7.jar
检查:/Users/xy/.m2/repository/xml-apis/xml-apis/1.0.b2/xml-apis-1.0.b2.jar
检查:/Users/xy/.m2/repository/oro/oro/2.0.8/oro-2.0.8.jar
检查:/Users/xy/.m2/repository/antlr/antlr/2.7.6/antlr-2.7.6.jar
检查:/Users/xy/.m2/repository/rhino/js/1.6R2/js-1.6R2.jar
检查:/Users/xy/.m2/repository/org/springframework/spring-tx/3.2.6.RELEASE/spring-tx-3.2.6.RELEASE.jar
检查:/Users/xy/.m2/repository/org/springframework/spring-orm/3.2.6.RELEASE/spring-orm-3.2.6.RELEASE.jar
检查:/Users/xy/.m2/repository/org/springframework/spring-jdbc/3.2.6.RELEASE/spring-jdbc-3.2.6.RELEASE.jar
检查:/Users/xy/.m2/repository/org/springframework/spring-webmvc/3.2.6.RELEASE/spring-webmvc-3.2.6.RELEASE.jar
检查:/Users/xy/.m2/repository/org/springframework/spring-web/3.2.6.RELEASE/spring-web-3.2.6.RELEASE.jar
检查:/Users/xy/.m2/repository/org/aspectj/aspectjweaver/1.7.4/aspectjweaver-1.7.4.jar
检查:/Users/xy/.m2/repository/org/owasp/esapi/esapi/2.1.0/esapi-2.1.0.jar
检查:/Users/xy/.m2/repository/commons-configuration/commons-configuration/1.5/commons-configuration-1.5.jar
发现冲突:
[compile]/Users/xy/.m2/repository/commons-configuration/commons-configuration/1.5/commons-configuration-1.5.jar
[compile]/Users/xy/.m2/repository/commons-configuration/commons-configuration/1.9/commons-configuration-1.9.jar
冲突类:org/apache/commons/configuration/AbstractConfiguration$1.class
检查:/Users/xy/.m2/repository/commons-beanutils/commons-beanutils-core/1.7.0/commons-beanutils-core-1.7.0.jar
发现冲突:
[compile]/Users/xy/.m2/repository/commons-beanutils/commons-beanutils-core/1.7.0/commons-beanutils-core-1.7.0.jar
[compile]/Users/xy/.m2/repository/commons-beanutils/commons-beanutils/1.7.0/commons-beanutils-1.7.0.jar
冲突类:org/apache/commons/beanutils/converters/AbstractArrayConverter.class
检查:/Users/xy/.m2/repository/commons-fileupload/commons-fileupload/1.2/commons-fileupload-1.2.jar
检查:/Users/xy/.m2/repository/xom/xom/1.2.5/xom-1.2.5.jar
检查:/Users/xy/.m2/repository/xalan/xalan/2.7.0/xalan-2.7.0.jar
检查:/Users/xy/.m2/repository/org/beanshell/bsh-core/2.0b4/bsh-core-2.0b4.jar
检查:/Users/xy/.m2/repository/org/owasp/antisamy/antisamy/1.4.3/antisamy-1.4.3.jar
检查:/Users/xy/.m2/repository/org/apache/xmlgraphics/batik-css/1.7/batik-css-1.7.jar
检查:/Users/xy/.m2/repository/org/apache/xmlgraphics/batik-ext/1.7/batik-ext-1.7.jar
发现冲突:
[compile]/Users/xy/.m2/repository/org/apache/xmlgraphics/batik-ext/1.7/batik-ext-1.7.jar
[compile]/Users/xy/.m2/repository/xml-apis/xml-apis/1.0.b2/xml-apis-1.0.b2.jar
冲突类:org/w3c/dom/events/DocumentEvent.class
检查:/Users/xy/.m2/repository/org/apache/xmlgraphics/batik-util/1.7/batik-util-1.7.jar
检查:/Users/xy/.m2/repository/xml-apis/xml-apis-ext/1.3.04/xml-apis-ext-1.3.04.jar
检查:/Users/xy/.m2/repository/net/sourceforge/nekohtml/nekohtml/1.9.12/nekohtml-1.9.12.jar
检查:/Users/xy/.m2/repository/commons-httpclient/commons-httpclient/3.1/commons-httpclient-3.1.jar
检查:/Users/xy/Products/own/quickf/quickf-web/target/quickf-web-1.0.jar
检查:/Users/xy/.m2/repository/jstl/jstl/1.2/jstl-1.2.jar
检查:/Users/xy/.m2/repository/taglibs/standard/1.1.2/standard-1.1.2.jar
发现冲突:
[compile]/Users/xy/.m2/repository/taglibs/standard/1.1.2/standard-1.1.2.jar
[compile]/Users/xy/.m2/repository/jstl/jstl/1.2/jstl-1.2.jar
冲突类:org/apache/taglibs/standard/Version.class
检查:/Users/xy/.m2/repository/org/eclipse/jetty/jetty-start/7.1.6.v20100715/jetty-start-7.1.6.v20100715.jar
******************************************
2014-08-03 18:46:22
******************************************
检查:/Users/xy/.m2/repository/com/yjf/common/yjf-common-util/2.0.20140716/yjf-common-util-2.0.20140716.jar
检查:/Users/xy/.m2/repository/commons-lang/commons-lang/2.6/commons-lang-2.6.jar
检查:/Users/xy/.m2/repository/commons-codec/commons-codec/1.8/commons-codec-1.8.jar
检查:/Users/xy/.m2/repository/commons-io/commons-io/2.4/commons-io-2.4.jar
检查:/Users/xy/.m2/repository/com/google/guava/guava/17.0/guava-17.0.jar
检查:/Users/xy/.m2/repository/commons-configuration/commons-configuration/1.9/commons-configuration-1.9.jar
检查:/Users/xy/.m2/repository/commons-logging/commons-logging/1.1.1/commons-logging-1.1.1.jar
检查:/Users/xy/.m2/repository/org/hibernate/hibernate-validator/4.3.1.Final/hibernate-validator-4.3.1.Final.jar
检查:/Users/xy/.m2/repository/javax/validation/validation-api/1.0.0.GA/validation-api-1.0.0.GA.jar
检查:/Users/xy/.m2/repository/org/jboss/logging/jboss-logging/3.1.0.CR2/jboss-logging-3.1.0.CR2.jar
检查:/Users/xy/.m2/repository/org/slf4j/slf4j-api/1.7.7/slf4j-api-1.7.7.jar
检查:/Users/xy/.m2/repository/org/slf4j/jul-to-slf4j/1.7.7/jul-to-slf4j-1.7.7.jar
检查:/Users/xy/.m2/repository/ch/qos/logback/logback-core/1.1.2/logback-core-1.1.2.jar
检查:/Users/xy/.m2/repository/ch/qos/logback/logback-classic/1.1.2/logback-classic-1.1.2.jar
检查:/Users/xy/.m2/repository/ch/qos/logback/logback-access/1.1.2/logback-access-1.1.2.jar
检查:/Users/xy/.m2/repository/org/codehaus/janino/janino/2.6.1/janino-2.6.1.jar
检查:/Users/xy/.m2/repository/org/codehaus/janino/commons-compiler/2.6.1/commons-compiler-2.6.1.jar
检查:/Users/xy/.m2/repository/com/google/code/findbugs/jsr305/2.0.1/jsr305-2.0.1.jar
检查:/Users/xy/.m2/repository/cglib/cglib/3.0/cglib-3.0.jar
检查:/Users/xy/.m2/repository/org/ow2/asm/asm/4.0/asm-4.0.jar
检查:/Users/xy/.m2/repository/org/ow2/asm/asm-util/4.0/asm-util-4.0.jar
检查:/Users/xy/.m2/repository/org/ow2/asm/asm-tree/4.0/asm-tree-4.0.jar
检查:/Users/xy/.m2/repository/com/alibaba/fastjson/1.1.40/fastjson-1.1.40.jar
检查:/Users/xy/.m2/repository/javax/servlet/javax.servlet-api/3.0.1/javax.servlet-api-3.0.1.jar
检查:/Users/xy/.m2/repository/javax/servlet/jsp/javax.servlet.jsp-api/2.3.1/javax.servlet.jsp-api-2.3.1.jar
检查:/Users/xy/.m2/repository/org/springframework/spring-context/3.2.6.RELEASE/spring-context-3.2.6.RELEASE.jar
检查:/Users/xy/.m2/repository/org/springframework/spring-aop/3.2.6.RELEASE/spring-aop-3.2.6.RELEASE.jar
检查:/Users/xy/.m2/repository/aopalliance/aopalliance/1.0/aopalliance-1.0.jar
检查:/Users/xy/.m2/repository/org/springframework/spring-beans/3.2.6.RELEASE/spring-beans-3.2.6.RELEASE.jar
检查:/Users/xy/.m2/repository/org/springframework/spring-core/3.2.6.RELEASE/spring-core-3.2.6.RELEASE.jar
检查:/Users/xy/.m2/repository/commons-logging/commons-logging/1.0.4/commons-logging-1.0.4.jar
发现冲突:
[compile]/Users/xy/.m2/repository/commons-logging/commons-logging/1.0.4/commons-logging-1.0.4.jar
[compile]/Users/xy/.m2/repository/commons-logging/commons-logging/1.1.1/commons-logging-1.1.1.jar
冲突类:org/apache/commons/logging/impl/Log4JLogger.class
检查:/Users/xy/.m2/repository/org/springframework/spring-expression/3.2.6.RELEASE/spring-expression-3.2.6.RELEASE.jar
检查:/Users/xy/.m2/repository/org/springframework/spring-context-support/3.2.6.RELEASE/spring-context-support-3.2.6.RELEASE.jar
检查:/Users/xy/.m2/repository/org/springmodules/spring-modules-validation/0.8/spring-modules-validation-0.8.jar
检查:/Users/xy/.m2/repository/commons-lang/commons-lang/2.2/commons-lang-2.2.jar
发现冲突:
[compile]/Users/xy/.m2/repository/commons-lang/commons-lang/2.2/commons-lang-2.2.jar
[compile]/Users/xy/.m2/repository/commons-lang/commons-lang/2.6/commons-lang-2.6.jar
冲突类:org/apache/commons/lang/ArrayUtils.class
检查:/Users/xy/.m2/repository/commons-collections/commons-collections/3.1/commons-collections-3.1.jar
检查:/Users/xy/.m2/repository/commons-validator/commons-validator/1.3.0/commons-validator-1.3.0.jar
检查:/Users/xy/.m2/repository/commons-beanutils/commons-beanutils/1.7.0/commons-beanutils-1.7.0.jar
发现冲突:
[compile]/Users/xy/.m2/repository/commons-beanutils/commons-beanutils/1.7.0/commons-beanutils-1.7.0.jar
[compile]/Users/xy/.m2/repository/commons-collections/commons-collections/3.1/commons-collections-3.1.jar
冲突类:org/apache/commons/collections/FastHashMap.class
检查:/Users/xy/.m2/repository/commons-digester/commons-digester/1.7/commons-digester-1.7.jar
检查:/Users/xy/.m2/repository/xml-apis/xml-apis/1.0.b2/xml-apis-1.0.b2.jar
检查:/Users/xy/.m2/repository/oro/oro/2.0.8/oro-2.0.8.jar
检查:/Users/xy/.m2/repository/antlr/antlr/2.7.6/antlr-2.7.6.jar
检查:/Users/xy/.m2/repository/rhino/js/1.6R2/js-1.6R2.jar
检查:/Users/xy/.m2/repository/org/springframework/spring-tx/3.2.6.RELEASE/spring-tx-3.2.6.RELEASE.jar
检查:/Users/xy/.m2/repository/org/springframework/spring-orm/3.2.6.RELEASE/spring-orm-3.2.6.RELEASE.jar
检查:/Users/xy/.m2/repository/org/springframework/spring-jdbc/3.2.6.RELEASE/spring-jdbc-3.2.6.RELEASE.jar
检查:/Users/xy/.m2/repository/org/springframework/spring-webmvc/3.2.6.RELEASE/spring-webmvc-3.2.6.RELEASE.jar
检查:/Users/xy/.m2/repository/org/springframework/spring-web/3.2.6.RELEASE/spring-web-3.2.6.RELEASE.jar
检查:/Users/xy/.m2/repository/org/aspectj/aspectjweaver/1.7.4/aspectjweaver-1.7.4.jar
检查:/Users/xy/.m2/repository/org/owasp/esapi/esapi/2.1.0/esapi-2.1.0.jar
检查:/Users/xy/.m2/repository/commons-configuration/commons-configuration/1.5/commons-configuration-1.5.jar
发现冲突:
[compile]/Users/xy/.m2/repository/commons-configuration/commons-configuration/1.5/commons-configuration-1.5.jar
[compile]/Users/xy/.m2/repository/commons-configuration/commons-configuration/1.9/commons-configuration-1.9.jar
冲突类:org/apache/commons/configuration/AbstractConfiguration$1.class
检查:/Users/xy/.m2/repository/commons-beanutils/commons-beanutils-core/1.7.0/commons-beanutils-core-1.7.0.jar
发现冲突:
[compile]/Users/xy/.m2/repository/commons-beanutils/commons-beanutils-core/1.7.0/commons-beanutils-core-1.7.0.jar
[compile]/Users/xy/.m2/repository/commons-beanutils/commons-beanutils/1.7.0/commons-beanutils-1.7.0.jar
冲突类:org/apache/commons/beanutils/converters/AbstractArrayConverter.class
检查:/Users/xy/.m2/repository/commons-fileupload/commons-fileupload/1.2/commons-fileupload-1.2.jar
检查:/Users/xy/.m2/repository/xom/xom/1.2.5/xom-1.2.5.jar
检查:/Users/xy/.m2/repository/xalan/xalan/2.7.0/xalan-2.7.0.jar
检查:/Users/xy/.m2/repository/org/beanshell/bsh-core/2.0b4/bsh-core-2.0b4.jar
检查:/Users/xy/.m2/repository/org/owasp/antisamy/antisamy/1.4.3/antisamy-1.4.3.jar
检查:/Users/xy/.m2/repository/org/apache/xmlgraphics/batik-css/1.7/batik-css-1.7.jar
检查:/Users/xy/.m2/repository/org/apache/xmlgraphics/batik-ext/1.7/batik-ext-1.7.jar
发现冲突:
[compile]/Users/xy/.m2/repository/org/apache/xmlgraphics/batik-ext/1.7/batik-ext-1.7.jar
[compile]/Users/xy/.m2/repository/xml-apis/xml-apis/1.0.b2/xml-apis-1.0.b2.jar
冲突类:org/w3c/dom/events/DocumentEvent.class
检查:/Users/xy/.m2/repository/org/apache/xmlgraphics/batik-util/1.7/batik-util-1.7.jar
检查:/Users/xy/.m2/repository/xml-apis/xml-apis-ext/1.3.04/xml-apis-ext-1.3.04.jar
检查:/Users/xy/.m2/repository/net/sourceforge/nekohtml/nekohtml/1.9.12/nekohtml-1.9.12.jar
检查:/Users/xy/.m2/repository/commons-httpclient/commons-httpclient/3.1/commons-httpclient-3.1.jar
检查:/Users/xy/Products/own/quickf/quickf-web/target/quickf-web-1.0.jar
检查:/Users/xy/.m2/repository/jstl/jstl/1.2/jstl-1.2.jar
检查:/Users/xy/.m2/repository/taglibs/standard/1.1.2/standard-1.1.2.jar
发现冲突:
[compile]/Users/xy/.m2/repository/taglibs/standard/1.1.2/standard-1.1.2.jar
[compile]/Users/xy/.m2/repository/jstl/jstl/1.2/jstl-1.2.jar
冲突类:org/apache/taglibs/standard/Version.class
检查:/Users/xy/.m2/repository/org/eclipse/jetty/jetty-start/7.1.6.v20100715/jetty-start-7.1.6.v20100715.jar
******************************************
2014-08-04 14:02:09
******************************************
检查:/Users/xy/.m2/repository/com/yjf/common/yjf-common-util/2.0.20140716/yjf-common-util-2.0.20140716.jar
检查:/Users/xy/.m2/repository/commons-lang/commons-lang/2.6/commons-lang-2.6.jar
检查:/Users/xy/.m2/repository/commons-codec/commons-codec/1.8/commons-codec-1.8.jar
检查:/Users/xy/.m2/repository/commons-io/commons-io/2.4/commons-io-2.4.jar
检查:/Users/xy/.m2/repository/com/google/guava/guava/17.0/guava-17.0.jar
检查:/Users/xy/.m2/repository/commons-configuration/commons-configuration/1.9/commons-configuration-1.9.jar
检查:/Users/xy/.m2/repository/commons-logging/commons-logging/1.1.1/commons-logging-1.1.1.jar
检查:/Users/xy/.m2/repository/org/hibernate/hibernate-validator/4.3.1.Final/hibernate-validator-4.3.1.Final.jar
检查:/Users/xy/.m2/repository/javax/validation/validation-api/1.0.0.GA/validation-api-1.0.0.GA.jar
检查:/Users/xy/.m2/repository/org/jboss/logging/jboss-logging/3.1.0.CR2/jboss-logging-3.1.0.CR2.jar
检查:/Users/xy/.m2/repository/org/slf4j/slf4j-api/1.7.7/slf4j-api-1.7.7.jar
检查:/Users/xy/.m2/repository/org/slf4j/jul-to-slf4j/1.7.7/jul-to-slf4j-1.7.7.jar
检查:/Users/xy/.m2/repository/ch/qos/logback/logback-core/1.1.2/logback-core-1.1.2.jar
检查:/Users/xy/.m2/repository/ch/qos/logback/logback-classic/1.1.2/logback-classic-1.1.2.jar
检查:/Users/xy/.m2/repository/ch/qos/logback/logback-access/1.1.2/logback-access-1.1.2.jar
检查:/Users/xy/.m2/repository/org/codehaus/janino/janino/2.6.1/janino-2.6.1.jar
检查:/Users/xy/.m2/repository/org/codehaus/janino/commons-compiler/2.6.1/commons-compiler-2.6.1.jar
检查:/Users/xy/.m2/repository/com/google/code/findbugs/jsr305/2.0.1/jsr305-2.0.1.jar
检查:/Users/xy/.m2/repository/cglib/cglib/3.0/cglib-3.0.jar
检查:/Users/xy/.m2/repository/org/ow2/asm/asm/4.0/asm-4.0.jar
检查:/Users/xy/.m2/repository/org/ow2/asm/asm-util/4.0/asm-util-4.0.jar
检查:/Users/xy/.m2/repository/org/ow2/asm/asm-tree/4.0/asm-tree-4.0.jar
检查:/Users/xy/.m2/repository/com/alibaba/fastjson/1.1.40/fastjson-1.1.40.jar
检查:/Users/xy/.m2/repository/javax/servlet/javax.servlet-api/3.0.1/javax.servlet-api-3.0.1.jar
检查:/Users/xy/.m2/repository/javax/servlet/jsp/javax.servlet.jsp-api/2.3.1/javax.servlet.jsp-api-2.3.1.jar
检查:/Users/xy/.m2/repository/org/springframework/spring-context/3.2.6.RELEASE/spring-context-3.2.6.RELEASE.jar
检查:/Users/xy/.m2/repository/org/springframework/spring-aop/3.2.6.RELEASE/spring-aop-3.2.6.RELEASE.jar
检查:/Users/xy/.m2/repository/aopalliance/aopalliance/1.0/aopalliance-1.0.jar
检查:/Users/xy/.m2/repository/org/springframework/spring-beans/3.2.6.RELEASE/spring-beans-3.2.6.RELEASE.jar
检查:/Users/xy/.m2/repository/org/springframework/spring-core/3.2.6.RELEASE/spring-core-3.2.6.RELEASE.jar
检查:/Users/xy/.m2/repository/commons-logging/commons-logging/1.0.4/commons-logging-1.0.4.jar
发现冲突:
[compile]/Users/xy/.m2/repository/commons-logging/commons-logging/1.0.4/commons-logging-1.0.4.jar
[compile]/Users/xy/.m2/repository/commons-logging/commons-logging/1.1.1/commons-logging-1.1.1.jar
冲突类:org/apache/commons/logging/impl/Log4JLogger.class
检查:/Users/xy/.m2/repository/org/springframework/spring-expression/3.2.6.RELEASE/spring-expression-3.2.6.RELEASE.jar
检查:/Users/xy/.m2/repository/org/springframework/spring-context-support/3.2.6.RELEASE/spring-context-support-3.2.6.RELEASE.jar
检查:/Users/xy/.m2/repository/org/springmodules/spring-modules-validation/0.8/spring-modules-validation-0.8.jar
检查:/Users/xy/.m2/repository/commons-lang/commons-lang/2.2/commons-lang-2.2.jar
发现冲突:
[compile]/Users/xy/.m2/repository/commons-lang/commons-lang/2.2/commons-lang-2.2.jar
[compile]/Users/xy/.m2/repository/commons-lang/commons-lang/2.6/commons-lang-2.6.jar
冲突类:org/apache/commons/lang/ArrayUtils.class
检查:/Users/xy/.m2/repository/commons-collections/commons-collections/3.1/commons-collections-3.1.jar
检查:/Users/xy/.m2/repository/commons-validator/commons-validator/1.3.0/commons-validator-1.3.0.jar
检查:/Users/xy/.m2/repository/commons-beanutils/commons-beanutils/1.7.0/commons-beanutils-1.7.0.jar
发现冲突:
[compile]/Users/xy/.m2/repository/commons-beanutils/commons-beanutils/1.7.0/commons-beanutils-1.7.0.jar
[compile]/Users/xy/.m2/repository/commons-collections/commons-collections/3.1/commons-collections-3.1.jar
冲突类:org/apache/commons/collections/FastHashMap.class
检查:/Users/xy/.m2/repository/commons-digester/commons-digester/1.7/commons-digester-1.7.jar
检查:/Users/xy/.m2/repository/xml-apis/xml-apis/1.0.b2/xml-apis-1.0.b2.jar
检查:/Users/xy/.m2/repository/oro/oro/2.0.8/oro-2.0.8.jar
检查:/Users/xy/.m2/repository/antlr/antlr/2.7.6/antlr-2.7.6.jar
检查:/Users/xy/.m2/repository/rhino/js/1.6R2/js-1.6R2.jar
检查:/Users/xy/.m2/repository/org/springframework/spring-tx/3.2.6.RELEASE/spring-tx-3.2.6.RELEASE.jar
检查:/Users/xy/.m2/repository/org/springframework/spring-orm/3.2.6.RELEASE/spring-orm-3.2.6.RELEASE.jar
检查:/Users/xy/.m2/repository/org/springframework/spring-jdbc/3.2.6.RELEASE/spring-jdbc-3.2.6.RELEASE.jar
检查:/Users/xy/.m2/repository/org/springframework/spring-webmvc/3.2.6.RELEASE/spring-webmvc-3.2.6.RELEASE.jar
检查:/Users/xy/.m2/repository/org/springframework/spring-web/3.2.6.RELEASE/spring-web-3.2.6.RELEASE.jar
检查:/Users/xy/.m2/repository/org/aspectj/aspectjweaver/1.7.4/aspectjweaver-1.7.4.jar
检查:/Users/xy/.m2/repository/org/owasp/esapi/esapi/2.1.0/esapi-2.1.0.jar
检查:/Users/xy/.m2/repository/commons-configuration/commons-configuration/1.5/commons-configuration-1.5.jar
发现冲突:
[compile]/Users/xy/.m2/repository/commons-configuration/commons-configuration/1.5/commons-configuration-1.5.jar
[compile]/Users/xy/.m2/repository/commons-configuration/commons-configuration/1.9/commons-configuration-1.9.jar
冲突类:org/apache/commons/configuration/AbstractConfiguration$1.class
检查:/Users/xy/.m2/repository/commons-beanutils/commons-beanutils-core/1.7.0/commons-beanutils-core-1.7.0.jar
发现冲突:
[compile]/Users/xy/.m2/repository/commons-beanutils/commons-beanutils-core/1.7.0/commons-beanutils-core-1.7.0.jar
[compile]/Users/xy/.m2/repository/commons-beanutils/commons-beanutils/1.7.0/commons-beanutils-1.7.0.jar
冲突类:org/apache/commons/beanutils/converters/AbstractArrayConverter.class
检查:/Users/xy/.m2/repository/commons-fileupload/commons-fileupload/1.2/commons-fileupload-1.2.jar
检查:/Users/xy/.m2/repository/xom/xom/1.2.5/xom-1.2.5.jar
检查:/Users/xy/.m2/repository/xalan/xalan/2.7.0/xalan-2.7.0.jar
检查:/Users/xy/.m2/repository/org/beanshell/bsh-core/2.0b4/bsh-core-2.0b4.jar
检查:/Users/xy/.m2/repository/org/owasp/antisamy/antisamy/1.4.3/antisamy-1.4.3.jar
检查:/Users/xy/.m2/repository/org/apache/xmlgraphics/batik-css/1.7/batik-css-1.7.jar
检查:/Users/xy/.m2/repository/org/apache/xmlgraphics/batik-ext/1.7/batik-ext-1.7.jar
发现冲突:
[compile]/Users/xy/.m2/repository/org/apache/xmlgraphics/batik-ext/1.7/batik-ext-1.7.jar
[compile]/Users/xy/.m2/repository/xml-apis/xml-apis/1.0.b2/xml-apis-1.0.b2.jar
冲突类:org/w3c/dom/events/DocumentEvent.class
检查:/Users/xy/.m2/repository/org/apache/xmlgraphics/batik-util/1.7/batik-util-1.7.jar
检查:/Users/xy/.m2/repository/xml-apis/xml-apis-ext/1.3.04/xml-apis-ext-1.3.04.jar
检查:/Users/xy/.m2/repository/net/sourceforge/nekohtml/nekohtml/1.9.12/nekohtml-1.9.12.jar
检查:/Users/xy/.m2/repository/commons-httpclient/commons-httpclient/3.1/commons-httpclient-3.1.jar
检查:/Users/xy/Products/own/quickf/quickf-web/target/quickf-web-1.0.jar
检查:/Users/xy/.m2/repository/jstl/jstl/1.2/jstl-1.2.jar
检查:/Users/xy/.m2/repository/taglibs/standard/1.1.2/standard-1.1.2.jar
发现冲突:
[compile]/Users/xy/.m2/repository/taglibs/standard/1.1.2/standard-1.1.2.jar
[compile]/Users/xy/.m2/repository/jstl/jstl/1.2/jstl-1.2.jar
冲突类:org/apache/taglibs/standard/Version.class
检查:/Users/xy/.m2/repository/org/eclipse/jetty/jetty-start/7.1.6.v20100715/jetty-start-7.1.6.v20100715.jar
******************************************
2014-08-18 11:30:37
******************************************
发现冲突:
[compile]/Users/xy/.m2/repository/commons-logging/commons-logging/1.0.4/commons-logging-1.0.4.jar
[compile]/Users/xy/.m2/repository/commons-logging/commons-logging/1.1.1/commons-logging-1.1.1.jar
冲突类:org/apache/commons/logging/impl/Log4JLogger.class
发现冲突:
[compile]/Users/xy/.m2/repository/commons-lang/commons-lang/2.2/commons-lang-2.2.jar
[compile]/Users/xy/.m2/repository/commons-lang/commons-lang/2.6/commons-lang-2.6.jar
冲突类:org/apache/commons/lang/ArrayUtils.class
发现冲突:
[compile]/Users/xy/.m2/repository/commons-beanutils/commons-beanutils/1.7.0/commons-beanutils-1.7.0.jar
[compile]/Users/xy/.m2/repository/commons-collections/commons-collections/3.1/commons-collections-3.1.jar
冲突类:org/apache/commons/collections/FastHashMap.class
发现冲突:
[compile]/Users/xy/.m2/repository/commons-configuration/commons-configuration/1.5/commons-configuration-1.5.jar
[compile]/Users/xy/.m2/repository/commons-configuration/commons-configuration/1.9/commons-configuration-1.9.jar
冲突类:org/apache/commons/configuration/AbstractConfiguration$1.class
发现冲突:
[compile]/Users/xy/.m2/repository/commons-beanutils/commons-beanutils-core/1.7.0/commons-beanutils-core-1.7.0.jar
[compile]/Users/xy/.m2/repository/commons-beanutils/commons-beanutils/1.7.0/commons-beanutils-1.7.0.jar
冲突类:org/apache/commons/beanutils/converters/AbstractArrayConverter.class
发现冲突:
[compile]/Users/xy/.m2/repository/org/apache/xmlgraphics/batik-ext/1.7/batik-ext-1.7.jar
[compile]/Users/xy/.m2/repository/xml-apis/xml-apis/1.0.b2/xml-apis-1.0.b2.jar
冲突类:org/w3c/dom/events/DocumentEvent.class
发现冲突:
[compile]/Users/xy/.m2/repository/taglibs/standard/1.1.2/standard-1.1.2.jar
[compile]/Users/xy/.m2/repository/jstl/jstl/1.2/jstl-1.2.jar
冲突类:org/apache/taglibs/standard/Version.class
发现冲突:
[test]/Users/xy/.m2/repository/org/eclipse/jetty/orbit/javax.servlet/3.0.0.v201112011016/javax.servlet-3.0.0.v201112011016.jar
[compile]/Users/xy/.m2/repository/javax/servlet/javax.servlet-api/3.0.1/javax.servlet-api-3.0.1.jar
冲突类:javax/servlet/AsyncContext.class
******************************************
2014-08-18 15:44:05
******************************************
发现冲突:
[compile]/Users/xy/.m2/repository/commons-logging/commons-logging/1.0.4/commons-logging-1.0.4.jar
[compile]/Users/xy/.m2/repository/commons-logging/commons-logging/1.1.1/commons-logging-1.1.1.jar
冲突类:org/apache/commons/logging/impl/Log4JLogger.class
发现冲突:
[compile]/Users/xy/.m2/repository/commons-lang/commons-lang/2.2/commons-lang-2.2.jar
[compile]/Users/xy/.m2/repository/commons-lang/commons-lang/2.6/commons-lang-2.6.jar
冲突类:org/apache/commons/lang/ArrayUtils.class
发现冲突:
[compile]/Users/xy/.m2/repository/commons-beanutils/commons-beanutils/1.7.0/commons-beanutils-1.7.0.jar
[compile]/Users/xy/.m2/repository/commons-collections/commons-collections/3.1/commons-collections-3.1.jar
冲突类:org/apache/commons/collections/FastHashMap.class
发现冲突:
[compile]/Users/xy/.m2/repository/commons-configuration/commons-configuration/1.5/commons-configuration-1.5.jar
[compile]/Users/xy/.m2/repository/commons-configuration/commons-configuration/1.9/commons-configuration-1.9.jar
冲突类:org/apache/commons/configuration/AbstractConfiguration$1.class
发现冲突:
[compile]/Users/xy/.m2/repository/commons-beanutils/commons-beanutils-core/1.7.0/commons-beanutils-core-1.7.0.jar
[compile]/Users/xy/.m2/repository/commons-beanutils/commons-beanutils/1.7.0/commons-beanutils-1.7.0.jar
冲突类:org/apache/commons/beanutils/converters/AbstractArrayConverter.class
发现冲突:
[compile]/Users/xy/.m2/repository/org/apache/xmlgraphics/batik-ext/1.7/batik-ext-1.7.jar
[compile]/Users/xy/.m2/repository/xml-apis/xml-apis/1.0.b2/xml-apis-1.0.b2.jar
冲突类:org/w3c/dom/events/DocumentEvent.class
发现冲突:
[compile]/Users/xy/.m2/repository/taglibs/standard/1.1.2/standard-1.1.2.jar
[compile]/Users/xy/.m2/repository/jstl/jstl/1.2/jstl-1.2.jar
冲突类:org/apache/taglibs/standard/Version.class
发现冲突:
[test]/Users/xy/.m2/repository/org/eclipse/jetty/orbit/javax.servlet/3.0.0.v201112011016/javax.servlet-3.0.0.v201112011016.jar
[compile]/Users/xy/.m2/repository/javax/servlet/javax.servlet-api/3.0.1/javax.servlet-api-3.0.1.jar
冲突类:javax/servlet/AsyncContext.class
******************************************
2014-08-18 15:47:39
******************************************
发现冲突:
[compile]/Users/xy/.m2/repository/commons-logging/commons-logging/1.0.4/commons-logging-1.0.4.jar
[compile]/Users/xy/.m2/repository/commons-logging/commons-logging/1.1.1/commons-logging-1.1.1.jar
冲突类:org/apache/commons/logging/impl/Log4JLogger.class
发现冲突:
[compile]/Users/xy/.m2/repository/commons-lang/commons-lang/2.2/commons-lang-2.2.jar
[compile]/Users/xy/.m2/repository/commons-lang/commons-lang/2.6/commons-lang-2.6.jar
冲突类:org/apache/commons/lang/ArrayUtils.class
发现冲突:
[compile]/Users/xy/.m2/repository/commons-beanutils/commons-beanutils/1.7.0/commons-beanutils-1.7.0.jar
[compile]/Users/xy/.m2/repository/commons-collections/commons-collections/3.1/commons-collections-3.1.jar
冲突类:org/apache/commons/collections/FastHashMap.class
发现冲突:
[compile]/Users/xy/.m2/repository/commons-configuration/commons-configuration/1.5/commons-configuration-1.5.jar
[compile]/Users/xy/.m2/repository/commons-configuration/commons-configuration/1.9/commons-configuration-1.9.jar
冲突类:org/apache/commons/configuration/AbstractConfiguration$1.class
发现冲突:
[compile]/Users/xy/.m2/repository/commons-beanutils/commons-beanutils-core/1.7.0/commons-beanutils-core-1.7.0.jar
[compile]/Users/xy/.m2/repository/commons-beanutils/commons-beanutils/1.7.0/commons-beanutils-1.7.0.jar
冲突类:org/apache/commons/beanutils/converters/AbstractArrayConverter.class
发现冲突:
[compile]/Users/xy/.m2/repository/org/apache/xmlgraphics/batik-ext/1.7/batik-ext-1.7.jar
[compile]/Users/xy/.m2/repository/xml-apis/xml-apis/1.0.b2/xml-apis-1.0.b2.jar
冲突类:org/w3c/dom/events/DocumentEvent.class
发现冲突:
[compile]/Users/xy/.m2/repository/taglibs/standard/1.1.2/standard-1.1.2.jar
[compile]/Users/xy/.m2/repository/jstl/jstl/1.2/jstl-1.2.jar
冲突类:org/apache/taglibs/standard/Version.class
发现冲突:
[test]/Users/xy/.m2/repository/org/eclipse/jetty/orbit/javax.servlet/3.0.0.v201112011016/javax.servlet-3.0.0.v201112011016.jar
[compile]/Users/xy/.m2/repository/javax/servlet/javax.servlet-api/3.0.1/javax.servlet-api-3.0.1.jar
冲突类:javax/servlet/AsyncContext.class
******************************************
2014-08-18 16:10:36
******************************************
发现冲突:
[compile]/Users/xy/.m2/repository/commons-logging/commons-logging/1.0.4/commons-logging-1.0.4.jar
[compile]/Users/xy/.m2/repository/commons-logging/commons-logging/1.1.1/commons-logging-1.1.1.jar
冲突类:org/apache/commons/logging/impl/Log4JLogger.class
发现冲突:
[compile]/Users/xy/.m2/repository/commons-lang/commons-lang/2.2/commons-lang-2.2.jar
[compile]/Users/xy/.m2/repository/commons-lang/commons-lang/2.6/commons-lang-2.6.jar
冲突类:org/apache/commons/lang/ArrayUtils.class
发现冲突:
[compile]/Users/xy/.m2/repository/commons-beanutils/commons-beanutils/1.7.0/commons-beanutils-1.7.0.jar
[compile]/Users/xy/.m2/repository/commons-collections/commons-collections/3.1/commons-collections-3.1.jar
冲突类:org/apache/commons/collections/FastHashMap.class
发现冲突:
[compile]/Users/xy/.m2/repository/commons-configuration/commons-configuration/1.5/commons-configuration-1.5.jar
[compile]/Users/xy/.m2/repository/commons-configuration/commons-configuration/1.9/commons-configuration-1.9.jar
冲突类:org/apache/commons/configuration/AbstractConfiguration$1.class
发现冲突:
[compile]/Users/xy/.m2/repository/commons-beanutils/commons-beanutils-core/1.7.0/commons-beanutils-core-1.7.0.jar
[compile]/Users/xy/.m2/repository/commons-beanutils/commons-beanutils/1.7.0/commons-beanutils-1.7.0.jar
冲突类:org/apache/commons/beanutils/converters/AbstractArrayConverter.class
发现冲突:
[compile]/Users/xy/.m2/repository/org/apache/xmlgraphics/batik-ext/1.7/batik-ext-1.7.jar
[compile]/Users/xy/.m2/repository/xml-apis/xml-apis/1.0.b2/xml-apis-1.0.b2.jar
冲突类:org/w3c/dom/events/DocumentEvent.class
发现冲突:
[compile]/Users/xy/.m2/repository/org/apache/geronimo/specs/geronimo-servlet_3.0_spec/1.0/geronimo-servlet_3.0_spec-1.0.jar
[compile]/Users/xy/.m2/repository/javax/servlet/javax.servlet-api/3.0.1/javax.servlet-api-3.0.1.jar
冲突类:javax/servlet/AsyncContext.class
发现冲突:
[compile]/Users/xy/.m2/repository/org/apache/xmlbeans/xmlbeans/2.5.0/xmlbeans-2.5.0.jar
[compile]/Users/xy/.m2/repository/xom/xom/1.2.5/xom-1.2.5.jar
冲突类:org/w3c/dom/UserDataHandler.class
发现冲突:
[compile]/Users/xy/.m2/repository/taglibs/standard/1.1.2/standard-1.1.2.jar
[compile]/Users/xy/.m2/repository/jstl/jstl/1.2/jstl-1.2.jar
冲突类:org/apache/taglibs/standard/Version.class
发现冲突:
[test]/Users/xy/.m2/repository/org/eclipse/jetty/orbit/javax.servlet/3.0.0.v201112011016/javax.servlet-3.0.0.v201112011016.jar
[compile]/Users/xy/.m2/repository/org/apache/geronimo/specs/geronimo-servlet_3.0_spec/1.0/geronimo-servlet_3.0_spec-1.0.jar
冲突类:javax/servlet/AsyncContext.class
******************************************
2014-08-18 16:39:49
******************************************
发现冲突:
[compile]/Users/xy/.m2/repository/commons-logging/commons-logging/1.0.4/commons-logging-1.0.4.jar
[compile]/Users/xy/.m2/repository/commons-logging/commons-logging/1.1.1/commons-logging-1.1.1.jar
冲突类:org/apache/commons/logging/impl/Log4JLogger.class
发现冲突:
[compile]/Users/xy/.m2/repository/commons-lang/commons-lang/2.2/commons-lang-2.2.jar
[compile]/Users/xy/.m2/repository/commons-lang/commons-lang/2.6/commons-lang-2.6.jar
冲突类:org/apache/commons/lang/ArrayUtils.class
发现冲突:
[compile]/Users/xy/.m2/repository/commons-beanutils/commons-beanutils/1.7.0/commons-beanutils-1.7.0.jar
[compile]/Users/xy/.m2/repository/commons-collections/commons-collections/3.1/commons-collections-3.1.jar
冲突类:org/apache/commons/collections/FastHashMap.class
发现冲突:
[compile]/Users/xy/.m2/repository/commons-configuration/commons-configuration/1.5/commons-configuration-1.5.jar
[compile]/Users/xy/.m2/repository/commons-configuration/commons-configuration/1.9/commons-configuration-1.9.jar
冲突类:org/apache/commons/configuration/AbstractConfiguration$1.class
发现冲突:
[compile]/Users/xy/.m2/repository/commons-beanutils/commons-beanutils-core/1.7.0/commons-beanutils-core-1.7.0.jar
[compile]/Users/xy/.m2/repository/commons-beanutils/commons-beanutils/1.7.0/commons-beanutils-1.7.0.jar
冲突类:org/apache/commons/beanutils/converters/AbstractArrayConverter.class
发现冲突:
[compile]/Users/xy/.m2/repository/org/apache/xmlgraphics/batik-ext/1.7/batik-ext-1.7.jar
[compile]/Users/xy/.m2/repository/xml-apis/xml-apis/1.0.b2/xml-apis-1.0.b2.jar
冲突类:org/w3c/dom/events/DocumentEvent.class
发现冲突:
[compile]/Users/xy/.m2/repository/org/apache/geronimo/specs/geronimo-servlet_3.0_spec/1.0/geronimo-servlet_3.0_spec-1.0.jar
[compile]/Users/xy/.m2/repository/javax/servlet/javax.servlet-api/3.0.1/javax.servlet-api-3.0.1.jar
冲突类:javax/servlet/AsyncContext.class
发现冲突:
[compile]/Users/xy/.m2/repository/org/apache/xmlbeans/xmlbeans/2.5.0/xmlbeans-2.5.0.jar
[compile]/Users/xy/.m2/repository/xom/xom/1.2.5/xom-1.2.5.jar
冲突类:org/w3c/dom/UserDataHandler.class
发现冲突:
[compile]/Users/xy/.m2/repository/taglibs/standard/1.1.2/standard-1.1.2.jar
[compile]/Users/xy/.m2/repository/jstl/jstl/1.2/jstl-1.2.jar
冲突类:org/apache/taglibs/standard/Version.class
发现冲突:
[test]/Users/xy/.m2/repository/org/eclipse/jetty/orbit/javax.servlet/3.0.0.v201112011016/javax.servlet-3.0.0.v201112011016.jar
[compile]/Users/xy/.m2/repository/org/apache/geronimo/specs/geronimo-servlet_3.0_spec/1.0/geronimo-servlet_3.0_spec-1.0.jar
冲突类:javax/servlet/AsyncContext.class
******************************************
2014-08-18 16:56:23
******************************************
发现冲突:
[compile]/Users/xy/.m2/repository/commons-logging/commons-logging/1.0.4/commons-logging-1.0.4.jar
[compile]/Users/xy/.m2/repository/commons-logging/commons-logging/1.1.1/commons-logging-1.1.1.jar
冲突类:org/apache/commons/logging/impl/Log4JLogger.class
发现冲突:
[compile]/Users/xy/.m2/repository/commons-lang/commons-lang/2.2/commons-lang-2.2.jar
[compile]/Users/xy/.m2/repository/commons-lang/commons-lang/2.6/commons-lang-2.6.jar
冲突类:org/apache/commons/lang/ArrayUtils.class
发现冲突:
[compile]/Users/xy/.m2/repository/commons-beanutils/commons-beanutils/1.7.0/commons-beanutils-1.7.0.jar
[compile]/Users/xy/.m2/repository/commons-collections/commons-collections/3.1/commons-collections-3.1.jar
冲突类:org/apache/commons/collections/FastHashMap.class
发现冲突:
[compile]/Users/xy/.m2/repository/commons-configuration/commons-configuration/1.5/commons-configuration-1.5.jar
[compile]/Users/xy/.m2/repository/commons-configuration/commons-configuration/1.9/commons-configuration-1.9.jar
冲突类:org/apache/commons/configuration/AbstractConfiguration$1.class
发现冲突:
[compile]/Users/xy/.m2/repository/commons-beanutils/commons-beanutils-core/1.7.0/commons-beanutils-core-1.7.0.jar
[compile]/Users/xy/.m2/repository/commons-beanutils/commons-beanutils/1.7.0/commons-beanutils-1.7.0.jar
冲突类:org/apache/commons/beanutils/converters/AbstractArrayConverter.class
发现冲突:
[compile]/Users/xy/.m2/repository/org/apache/xmlgraphics/batik-ext/1.7/batik-ext-1.7.jar
[compile]/Users/xy/.m2/repository/xml-apis/xml-apis/1.0.b2/xml-apis-1.0.b2.jar
冲突类:org/w3c/dom/events/DocumentEvent.class
发现冲突:
[compile]/Users/xy/.m2/repository/org/apache/geronimo/specs/geronimo-servlet_3.0_spec/1.0/geronimo-servlet_3.0_spec-1.0.jar
[compile]/Users/xy/.m2/repository/javax/servlet/javax.servlet-api/3.0.1/javax.servlet-api-3.0.1.jar
冲突类:javax/servlet/AsyncContext.class
发现冲突:
[compile]/Users/xy/.m2/repository/org/apache/xmlbeans/xmlbeans/2.5.0/xmlbeans-2.5.0.jar
[compile]/Users/xy/.m2/repository/xom/xom/1.2.5/xom-1.2.5.jar
冲突类:org/w3c/dom/UserDataHandler.class
发现冲突:
[compile]/Users/xy/.m2/repository/taglibs/standard/1.1.2/standard-1.1.2.jar
[compile]/Users/xy/.m2/repository/jstl/jstl/1.2/jstl-1.2.jar
冲突类:org/apache/taglibs/standard/Version.class
发现冲突:
[test]/Users/xy/.m2/repository/org/eclipse/jetty/orbit/javax.servlet/3.0.0.v201112011016/javax.servlet-3.0.0.v201112011016.jar
[compile]/Users/xy/.m2/repository/org/apache/geronimo/specs/geronimo-servlet_3.0_spec/1.0/geronimo-servlet_3.0_spec-1.0.jar
冲突类:javax/servlet/AsyncContext.class
******************************************
2014-08-18 17:02:34
******************************************
发现冲突:
[compile]/Users/xy/.m2/repository/commons-logging/commons-logging/1.0.4/commons-logging-1.0.4.jar
[compile]/Users/xy/.m2/repository/commons-logging/commons-logging/1.1.1/commons-logging-1.1.1.jar
冲突类:org/apache/commons/logging/impl/Log4JLogger.class
发现冲突:
[compile]/Users/xy/.m2/repository/commons-lang/commons-lang/2.2/commons-lang-2.2.jar
[compile]/Users/xy/.m2/repository/commons-lang/commons-lang/2.6/commons-lang-2.6.jar
冲突类:org/apache/commons/lang/ArrayUtils.class
发现冲突:
[compile]/Users/xy/.m2/repository/commons-beanutils/commons-beanutils/1.7.0/commons-beanutils-1.7.0.jar
[compile]/Users/xy/.m2/repository/commons-collections/commons-collections/3.1/commons-collections-3.1.jar
冲突类:org/apache/commons/collections/FastHashMap.class
发现冲突:
[compile]/Users/xy/.m2/repository/commons-configuration/commons-configuration/1.5/commons-configuration-1.5.jar
[compile]/Users/xy/.m2/repository/commons-configuration/commons-configuration/1.9/commons-configuration-1.9.jar
冲突类:org/apache/commons/configuration/AbstractConfiguration$1.class
发现冲突:
[compile]/Users/xy/.m2/repository/commons-beanutils/commons-beanutils-core/1.7.0/commons-beanutils-core-1.7.0.jar
[compile]/Users/xy/.m2/repository/commons-beanutils/commons-beanutils/1.7.0/commons-beanutils-1.7.0.jar
冲突类:org/apache/commons/beanutils/converters/AbstractArrayConverter.class
发现冲突:
[compile]/Users/xy/.m2/repository/org/apache/xmlgraphics/batik-ext/1.7/batik-ext-1.7.jar
[compile]/Users/xy/.m2/repository/xml-apis/xml-apis/1.0.b2/xml-apis-1.0.b2.jar
冲突类:org/w3c/dom/events/DocumentEvent.class
发现冲突:
[compile]/Users/xy/.m2/repository/org/apache/geronimo/specs/geronimo-servlet_3.0_spec/1.0/geronimo-servlet_3.0_spec-1.0.jar
[compile]/Users/xy/.m2/repository/javax/servlet/javax.servlet-api/3.0.1/javax.servlet-api-3.0.1.jar
冲突类:javax/servlet/AsyncContext.class
发现冲突:
[compile]/Users/xy/.m2/repository/org/apache/xmlbeans/xmlbeans/2.5.0/xmlbeans-2.5.0.jar
[compile]/Users/xy/.m2/repository/xom/xom/1.2.5/xom-1.2.5.jar
冲突类:org/w3c/dom/UserDataHandler.class
发现冲突:
[compile]/Users/xy/.m2/repository/taglibs/standard/1.1.2/standard-1.1.2.jar
[compile]/Users/xy/.m2/repository/jstl/jstl/1.2/jstl-1.2.jar
冲突类:org/apache/taglibs/standard/Version.class
发现冲突:
[test]/Users/xy/.m2/repository/org/eclipse/jetty/orbit/javax.servlet/3.0.0.v201112011016/javax.servlet-3.0.0.v201112011016.jar
[compile]/Users/xy/.m2/repository/org/apache/geronimo/specs/geronimo-servlet_3.0_spec/1.0/geronimo-servlet_3.0_spec-1.0.jar
冲突类:javax/servlet/AsyncContext.class
******************************************
2014-08-18 18:20:56
******************************************
发现冲突:
[compile]/Users/xy/.m2/repository/commons-logging/commons-logging/1.0.4/commons-logging-1.0.4.jar
[compile]/Users/xy/.m2/repository/commons-logging/commons-logging/1.1.1/commons-logging-1.1.1.jar
冲突类:org/apache/commons/logging/impl/Log4JLogger.class
发现冲突:
[compile]/Users/xy/.m2/repository/commons-lang/commons-lang/2.2/commons-lang-2.2.jar
[compile]/Users/xy/.m2/repository/commons-lang/commons-lang/2.6/commons-lang-2.6.jar
冲突类:org/apache/commons/lang/ArrayUtils.class
发现冲突:
[compile]/Users/xy/.m2/repository/commons-beanutils/commons-beanutils/1.7.0/commons-beanutils-1.7.0.jar
[compile]/Users/xy/.m2/repository/commons-collections/commons-collections/3.1/commons-collections-3.1.jar
冲突类:org/apache/commons/collections/FastHashMap.class
发现冲突:
[compile]/Users/xy/.m2/repository/commons-configuration/commons-configuration/1.5/commons-configuration-1.5.jar
[compile]/Users/xy/.m2/repository/commons-configuration/commons-configuration/1.9/commons-configuration-1.9.jar
冲突类:org/apache/commons/configuration/AbstractConfiguration$1.class
发现冲突:
[compile]/Users/xy/.m2/repository/commons-beanutils/commons-beanutils-core/1.7.0/commons-beanutils-core-1.7.0.jar
[compile]/Users/xy/.m2/repository/commons-beanutils/commons-beanutils/1.7.0/commons-beanutils-1.7.0.jar
冲突类:org/apache/commons/beanutils/converters/AbstractArrayConverter.class
发现冲突:
[compile]/Users/xy/.m2/repository/org/apache/xmlgraphics/batik-ext/1.7/batik-ext-1.7.jar
[compile]/Users/xy/.m2/repository/xml-apis/xml-apis/1.0.b2/xml-apis-1.0.b2.jar
冲突类:org/w3c/dom/events/DocumentEvent.class
发现冲突:
[compile]/Users/xy/.m2/repository/commons-codec/commons-codec/1.6/commons-codec-1.6.jar
[compile]/Users/xy/.m2/repository/commons-codec/commons-codec/1.8/commons-codec-1.8.jar
冲突类:org/apache/commons/codec/binary/Base32.class
发现冲突:
[compile]/Users/xy/.m2/repository/org/apache/geronimo/specs/geronimo-servlet_3.0_spec/1.0/geronimo-servlet_3.0_spec-1.0.jar
[compile]/Users/xy/.m2/repository/javax/servlet/javax.servlet-api/3.0.1/javax.servlet-api-3.0.1.jar
冲突类:javax/servlet/AsyncContext.class
发现冲突:
[compile]/Users/xy/.m2/repository/org/apache/xmlbeans/xmlbeans/2.5.0/xmlbeans-2.5.0.jar
[compile]/Users/xy/.m2/repository/xom/xom/1.2.5/xom-1.2.5.jar
冲突类:org/w3c/dom/UserDataHandler.class
发现冲突:
[compile]/Users/xy/.m2/repository/taglibs/standard/1.1.2/standard-1.1.2.jar
[compile]/Users/xy/.m2/repository/jstl/jstl/1.2/jstl-1.2.jar
冲突类:org/apache/taglibs/standard/Version.class
发现冲突:
[test]/Users/xy/.m2/repository/org/eclipse/jetty/orbit/javax.servlet/3.0.0.v201112011016/javax.servlet-3.0.0.v201112011016.jar
[compile]/Users/xy/.m2/repository/org/apache/geronimo/specs/geronimo-servlet_3.0_spec/1.0/geronimo-servlet_3.0_spec-1.0.jar
冲突类:javax/servlet/AsyncContext.class
